{
  "stats": {
    "suites": 1,
    "tests": 4,
    "passes": 3,
    "pending": 0,
    "failures": 1,
    "start": "2022-05-17T21:30:33.240Z",
    "end": "2022-05-17T21:30:49.143Z",
    "duration": 15903,
    "testsRegistered": 4,
    "passPercent": 75,
    "pendingPercent": 0,
    "other": 0,
    "hasOther": false,
    "skipped": 0,
    "hasSkipped": false
  },
  "results": [
    {
      "uuid": "ad0a14df-2999-4699-872e-d453871390d7",
      "title": "",
      "fullFile": "cypress/integration/3-ALURAPIC/alurapic.spec.js",
      "file": "cypress/integration/3-ALURAPIC/alurapic.spec.js",
      "beforeHooks": [],
      "afterHooks": [],
      "tests": [],
      "suites": [
        {
          "uuid": "f4e246a0-27e1-4095-9e81-b16ccf7d2949",
          "title": "login e registros de usuarios alura pic",
          "fullFile": "",
          "file": "",
          "beforeHooks": [],
          "afterHooks": [],
          "tests": [
            {
              "title": "verifica mensagens validacao",
              "fullTitle": "login e registros de usuarios alura pic verifica mensagens validacao",
              "timedOut": null,
              "duration": 6912,
              "state": "failed",
              "speed": null,
              "pass": false,
              "fail": true,
              "pending": false,
              "context": null,
              "code": "cy.contains('a', 'Register now').click();\ncy.contains('button', 'Register').click();\ncy.contains('ap-vmessage', 'Email is required!').should('be.visible');\ncy.contains('button', 'Register').click();\ncy.contains('ap-vmessage', 'Usuario  is required!').should('be.visible');\ncy.contains('ap-vmessage', 'Password is required!').should('be.visible');\ncy.contains('ap-vmessage', 'Nome is required!').should('be.visible');",
              "err": {
                "message": "AssertionError: Timed out retrying after 4000ms: Expected to find content: 'Usuario  is required!' within the selector: 'ap-vmessage' but never did.",
                "estack": "AssertionError: Timed out retrying after 4000ms: Expected to find content: 'Usuario  is required!' within the selector: 'ap-vmessage' but never did.\n    at Context.eval (https://alura-fotos.herokuapp.com/__cypress/tests?p=cypress\\integration\\3-ALURAPIC\\alurapic.spec.js:108:57)",
                "diff": null
              },
              "uuid": "8fbeb8fd-e045-48fe-8393-aa8b5059883e",
              "parentUUID": "f4e246a0-27e1-4095-9e81-b16ccf7d2949",
              "isHook": false,
              "skipped": false
            },
            {
              "title": "verifica mensagens de email invalido",
              "fullTitle": "login e registros de usuarios alura pic verifica mensagens de email invalido",
              "timedOut": null,
              "duration": 2530,
              "state": "passed",
              "speed": "fast",
              "pass": true,
              "fail": false,
              "pending": false,
              "context": null,
              "code": "cy.contains('a', 'Register now').click();\ncy.contains('button', 'Register').click();\ncy.get('input[formcontrolname=\"email\"]').type('jackeline');\ncy.contains('ap-vmessage', 'Invalid e-mail').should('be.visible');",
              "err": {},
              "uuid": "efc272df-1800-4cca-a73b-f206755a4151",
              "parentUUID": "f4e246a0-27e1-4095-9e81-b16ccf7d2949",
              "isHook": false,
              "skipped": false
            },
            {
              "title": "verifica mensagens de senha com menos de 8 caracteres",
              "fullTitle": "login e registros de usuarios alura pic verifica mensagens de senha com menos de 8 caracteres",
              "timedOut": null,
              "duration": 2130,
              "state": "passed",
              "speed": "fast",
              "pass": true,
              "fail": false,
              "pending": false,
              "context": null,
              "code": "cy.contains('a', 'Register now').click();\ncy.contains('button', 'Register').click();\ncy.get('input[formcontrolname=\"password\"]').type('123');\ncy.contains('button', 'Register').click();\ncy.contains('ap-vmessage', 'Mininum length is 8').should('be.visible');",
              "err": {},
              "uuid": "b4242acc-07e1-489f-b20c-fba2864a5e2e",
              "parentUUID": "f4e246a0-27e1-4095-9e81-b16ccf7d2949",
              "isHook": false,
              "skipped": false
            },
            {
              "title": "verificar se vai aparecer a mensagem Must be lower case",
              "fullTitle": "login e registros de usuarios alura pic verificar se vai aparecer a mensagem Must be lower case",
              "timedOut": null,
              "duration": 1592,
              "state": "passed",
              "speed": "fast",
              "pass": true,
              "fail": false,
              "pending": false,
              "context": null,
              "code": "cy.contains('a', 'Register now').click();\ncy.contains('button', 'Register').click();\ncy.get('input[formcontrolname=\"userName\"]').type('DANILO');\ncy.contains('button', 'Register').click();\ncy.contains('ap-vmessage', 'Must be lower case').should('be.visible');",
              "err": {},
              "uuid": "e16f13d4-9495-46ce-8517-0703ed1a4f04",
              "parentUUID": "f4e246a0-27e1-4095-9e81-b16ccf7d2949",
              "isHook": false,
              "skipped": false
            }
          ],
          "suites": [],
          "passes": [
            "efc272df-1800-4cca-a73b-f206755a4151",
            "b4242acc-07e1-489f-b20c-fba2864a5e2e",
            "e16f13d4-9495-46ce-8517-0703ed1a4f04"
          ],
          "failures": [
            "8fbeb8fd-e045-48fe-8393-aa8b5059883e"
          ],
          "pending": [],
          "skipped": [],
          "duration": 13164,
          "root": false,
          "rootEmpty": false,
          "_timeout": 2000
        }
      ],
      "passes": [],
      "failures": [],
      "pending": [],
      "skipped": [],
      "duration": 0,
      "root": true,
      "rootEmpty": true,
      "_timeout": 2000
    }
  ],
  "meta": {
    "mocha": {
      "version": "7.0.1"
    },
    "mochawesome": {
      "options": {
        "quiet": false,
        "reportFilename": "mochawesome",
        "saveHtml": true,
        "saveJson": true,
        "consoleReporter": "spec",
        "useInlineDiffs": false,
        "code": true
      },
      "version": "7.1.3"
    },
    "marge": {
      "options": null,
      "version": "6.2.0"
    }
  }
}